XLSX generated: 2025-11-06T18:31:15+01:00 - entries: 15 - size: 146208
  [Content_Types].xml (1935)
  _rels/.rels (301)
  xl/_rels/workbook.xml.rels (1720)
  xl/workbook.xml (732)
  xl/styles.xml (661)
  xl/sharedStrings.xml (98)
  xl/worksheets/sheet1.xml (349633)
  xl/worksheets/sheet2.xml (269224)
  xl/worksheets/sheet3.xml (227894)
  xl/worksheets/sheet4.xml (290822)
  xl/worksheets/sheet5.xml (17706)
  xl/worksheets/sheet6.xml (200815)
  xl/worksheets/sheet7.xml (194046)
  xl/worksheets/sheet8.xml (184693)
  xl/worksheets/sheet9.xml (53662)
XLSX generated: 2025-11-06T18:32:33+01:00 - entries: 15 - size: 146239
  [Content_Types].xml (1935)
  _rels/.rels (301)
  xl/_rels/workbook.xml.rels (1720)
  xl/workbook.xml (732)
  xl/styles.xml (661)
  xl/sharedStrings.xml (98)
  xl/worksheets/sheet1.xml (349633)
  xl/worksheets/sheet2.xml (269224)
  xl/worksheets/sheet3.xml (227894)
  xl/worksheets/sheet4.xml (290822)
  xl/worksheets/sheet5.xml (17706)
  xl/worksheets/sheet6.xml (200815)
  xl/worksheets/sheet7.xml (194046)
  xl/worksheets/sheet8.xml (184693)
  xl/worksheets/sheet9.xml (53662)
XLSX generated: 2025-11-06T18:40:05+01:00 - entries: 15 - size: 146270
  [Content_Types].xml (1935)
  _rels/.rels (301)
  xl/_rels/workbook.xml.rels (1720)
  xl/workbook.xml (732)
  xl/styles.xml (661)
  xl/sharedStrings.xml (98)
  xl/worksheets/sheet1.xml (349633)
  xl/worksheets/sheet2.xml (269224)
  xl/worksheets/sheet3.xml (227894)
  xl/worksheets/sheet4.xml (290822)
  xl/worksheets/sheet5.xml (17706)
  xl/worksheets/sheet6.xml (200815)
  xl/worksheets/sheet7.xml (194046)
  xl/worksheets/sheet8.xml (184693)
  xl/worksheets/sheet9.xml (53662)
